<?xml version="1.0" encoding="UTF-8"?>
<!-- Generated by org.testng.reporters.JUnitXMLReporter -->
<testsuite ignored="0" hostname="Soumya" failures="0" tests="2" name="Default test(failed)" time="15.754" errors="0" timestamp="2023-12-02T20:59:10 IST">
  <testcase classname="DatadrivernApachePoi.FacebookLoginTest" name="loginToFacebookTest" time="4.094"/>
  <testcase classname="DatadrivernApachePoi.FacebookLoginTest" name="loginToFacebookTest" time="3.453"/>
</testsuite> <!-- Default test(failed) -->
