<?xml version="1.0" encoding="UTF-8"?>
<!-- Generated by org.testng.reporters.JUnitXMLReporter -->
<testsuite ignored="0" hostname="Soumya" failures="0" tests="4" name="Default test" time="29.926" errors="0" timestamp="2023-12-17T12:14:53 IST">
  <testcase classname="DatadrivernApachePoi.FacebookLoginTest" name="loginToFacebookTest" time="3.427"/>
  <testcase classname="DatadrivernApachePoi.FacebookLoginTest" name="loginToFacebookTest" time="3.359"/>
  <testcase classname="DatadrivernApachePoi.FacebookLoginTest" name="loginToFacebookTest" time="3.331"/>
  <testcase classname="DatadrivernApachePoi.FacebookLoginTest" name="loginToFacebookTest" time="3.338"/>
</testsuite> <!-- Default test -->
