<?xml version="1.0" encoding="UTF-8"?>
<!-- Generated by org.testng.reporters.JUnitXMLReporter -->
<testsuite ignored="0" hostname="Soumya" failures="0" tests="4" name="Test" time="30.994" errors="0" timestamp="2023-12-02T20:57:27 IST">
  <testcase classname="DatadrivernApachePoi.FacebookLoginTest" name="loginToFacebookTest" time="3.403"/>
  <testcase classname="DatadrivernApachePoi.FacebookLoginTest" name="loginToFacebookTest" time="3.383"/>
  <testcase classname="DatadrivernApachePoi.FacebookLoginTest" name="loginToFacebookTest" time="3.357"/>
  <testcase classname="DatadrivernApachePoi.FacebookLoginTest" name="loginToFacebookTest" time="3.373"/>
</testsuite> <!-- Test -->
