<?xml version="1.0" encoding="UTF-8"?>
<testng-results ignored="0" total="4" passed="4" failed="0" skipped="0">
  <reporter-output>
  </reporter-output>
  <suite started-at="2023-12-17T12:14:23 IST" name="Default suite" finished-at="2023-12-17T12:14:53 IST" duration-ms="29926">
    <groups>
    </groups>
    <test started-at="2023-12-17T12:14:23 IST" name="Default test" finished-at="2023-12-17T12:14:53 IST" duration-ms="29926">
      <class name="DatadrivernApachePoi.FacebookLoginTest">
        <test-method is-config="true" signature="setUpTest()[pri:0, instance:DatadrivernApachePoi.FacebookLoginTest@747ddf94]" started-at="2023-12-17T12:14:25 IST" name="setUpTest" finished-at="2023-12-17T12:14:30 IST" duration-ms="4707" status="PASS">
          <reporter-output>
          </reporter-output>
        </test-method> <!-- setUpTest -->
        <test-method signature="loginToFacebookTest(java.lang.String,java.lang.String)[pri:0, instance:DatadrivernApachePoi.FacebookLoginTest@747ddf94]" started-at="2023-12-17T12:14:30 IST" name="loginToFacebookTest" data-provider="loginData" finished-at="2023-12-17T12:14:33 IST" duration-ms="3427" status="PASS">
          <params>
            <param index="0">
              <value>
                <![CDATA[standard_user]]>
              </value>
            </param>
            <param index="1">
              <value>
                <![CDATA[2.43765778E8]]>
              </value>
            </param>
          </params>
          <reporter-output>
          </reporter-output>
        </test-method> <!-- loginToFacebookTest -->
        <test-method is-config="true" signature="tearDownTest()[pri:0, instance:DatadrivernApachePoi.FacebookLoginTest@747ddf94]" started-at="2023-12-17T12:14:33 IST" name="tearDownTest" finished-at="2023-12-17T12:14:33 IST" duration-ms="335" status="PASS">
          <reporter-output>
          </reporter-output>
        </test-method> <!-- tearDownTest -->
        <test-method is-config="true" signature="setUpTest()[pri:0, instance:DatadrivernApachePoi.FacebookLoginTest@747ddf94]" started-at="2023-12-17T12:14:33 IST" name="setUpTest" finished-at="2023-12-17T12:14:36 IST" duration-ms="3161" status="PASS">
          <reporter-output>
          </reporter-output>
        </test-method> <!-- setUpTest -->
        <test-method signature="loginToFacebookTest(java.lang.String,java.lang.String)[pri:0, instance:DatadrivernApachePoi.FacebookLoginTest@747ddf94]" started-at="2023-12-17T12:14:36 IST" name="loginToFacebookTest" data-provider="loginData" finished-at="2023-12-17T12:14:40 IST" duration-ms="3359" status="PASS">
          <params>
            <param index="0">
              <value>
                <![CDATA[locked_out_user]]>
              </value>
            </param>
            <param index="1">
              <value>
                <![CDATA[46568y]]>
              </value>
            </param>
          </params>
          <reporter-output>
          </reporter-output>
        </test-method> <!-- loginToFacebookTest -->
        <test-method is-config="true" signature="tearDownTest()[pri:0, instance:DatadrivernApachePoi.FacebookLoginTest@747ddf94]" started-at="2023-12-17T12:14:40 IST" name="tearDownTest" finished-at="2023-12-17T12:14:40 IST" duration-ms="247" status="PASS">
          <reporter-output>
          </reporter-output>
        </test-method> <!-- tearDownTest -->
        <test-method is-config="true" signature="setUpTest()[pri:0, instance:DatadrivernApachePoi.FacebookLoginTest@747ddf94]" started-at="2023-12-17T12:14:40 IST" name="setUpTest" finished-at="2023-12-17T12:14:43 IST" duration-ms="2961" status="PASS">
          <reporter-output>
          </reporter-output>
        </test-method> <!-- setUpTest -->
        <test-method signature="loginToFacebookTest(java.lang.String,java.lang.String)[pri:0, instance:DatadrivernApachePoi.FacebookLoginTest@747ddf94]" started-at="2023-12-17T12:14:43 IST" name="loginToFacebookTest" data-provider="loginData" finished-at="2023-12-17T12:14:46 IST" duration-ms="3331" status="PASS">
          <params>
            <param index="0">
              <value>
                <![CDATA[problem_user]]>
              </value>
            </param>
            <param index="1">
              <value>
                <![CDATA[tyr57tty89y7h678]]>
              </value>
            </param>
          </params>
          <reporter-output>
          </reporter-output>
        </test-method> <!-- loginToFacebookTest -->
        <test-method is-config="true" signature="tearDownTest()[pri:0, instance:DatadrivernApachePoi.FacebookLoginTest@747ddf94]" started-at="2023-12-17T12:14:46 IST" name="tearDownTest" finished-at="2023-12-17T12:14:47 IST" duration-ms="169" status="PASS">
          <reporter-output>
          </reporter-output>
        </test-method> <!-- tearDownTest -->
        <test-method is-config="true" signature="setUpTest()[pri:0, instance:DatadrivernApachePoi.FacebookLoginTest@747ddf94]" started-at="2023-12-17T12:14:47 IST" name="setUpTest" finished-at="2023-12-17T12:14:50 IST" duration-ms="3177" status="PASS">
          <reporter-output>
          </reporter-output>
        </test-method> <!-- setUpTest -->
        <test-method signature="loginToFacebookTest(java.lang.String,java.lang.String)[pri:0, instance:DatadrivernApachePoi.FacebookLoginTest@747ddf94]" started-at="2023-12-17T12:14:50 IST" name="loginToFacebookTest" data-provider="loginData" finished-at="2023-12-17T12:14:53 IST" duration-ms="3338" status="PASS">
          <params>
            <param index="0">
              <value>
                <![CDATA[performance_glitch_user]]>
              </value>
            </param>
            <param index="1">
              <value>
                <![CDATA[65ty]]>
              </value>
            </param>
          </params>
          <reporter-output>
          </reporter-output>
        </test-method> <!-- loginToFacebookTest -->
        <test-method is-config="true" signature="tearDownTest()[pri:0, instance:DatadrivernApachePoi.FacebookLoginTest@747ddf94]" started-at="2023-12-17T12:14:53 IST" name="tearDownTest" finished-at="2023-12-17T12:14:53 IST" duration-ms="229" status="PASS">
          <reporter-output>
          </reporter-output>
        </test-method> <!-- tearDownTest -->
      </class> <!-- DatadrivernApachePoi.FacebookLoginTest -->
    </test> <!-- Default test -->
  </suite> <!-- Default suite -->
</testng-results>
